PARAMETERS:
cascadeDirName: cascade_p425n4000_lbp
vecFileName: pos.vec
bgFileName: bg.txt
numPos: 425
numNeg: 4000
numStages: 20
precalcValBufSize[Mb] : 1536
precalcIdxBufSize[Mb] : 1536
stageType: BOOST
featureType: LBP
sampleWidth: 96
sampleHeight: 32
boostType: GAB
minHitRate: 0.995
maxFalseAlarmRate: 0.5
weightTrimRate: 0.95
maxDepth: 1
maxWeakCount: 100

===== TRAINING 0-stage =====
<BEGIN
POS count : consumed   425 : 425
NEG count : acceptanceRatio    4000 : 1
Precalculation time: 38
+----+---------+---------+
|  N |    HR   |    FA   |
+----+---------+---------+
|   1|        1|        1|
+----+---------+---------+
|   2|        1|        1|
+----+---------+---------+
|   3|        1|  0.25925|
+----+---------+---------+
END>

===== TRAINING 1-stage =====
<BEGIN
POS count : consumed   425 : 425
NEG count : acceptanceRatio    4000 : 0.25421
Precalculation time: 29
+----+---------+---------+
|  N |    HR   |    FA   |
+----+---------+---------+
|   1|        1|        1|
+----+---------+---------+
|   2|        1|        1|
+----+---------+---------+
|   3|        1|        1|
+----+---------+---------+
|   4| 0.995294|   0.3085|
+----+---------+---------+
END>

===== TRAINING 2-stage =====
<BEGIN
POS count : consumed   425 : 427
NEG count : acceptanceRatio    4000 : 0.0848392
Precalculation time: 32
+----+---------+---------+
|  N |    HR   |    FA   |
+----+---------+---------+
|   1|        1|        1|
+----+---------+---------+
|   2|        1|        1|
+----+---------+---------+
|   3| 0.995294|  0.32225|
+----+---------+---------+
END>

===== TRAINING 3-stage =====
<BEGIN
POS count : consumed   425 : 430
NEG count : acceptanceRatio    4000 : 0.0344869
Precalculation time: 32
+----+---------+---------+
|  N |    HR   |    FA   |
+----+---------+---------+
|   1|        1|        1|
+----+---------+---------+
|   2|        1|        1|
+----+---------+---------+
|   3|        1|        1|
+----+---------+---------+
|   4| 0.997647|   0.4125|
+----+---------+---------+
END>

===== TRAINING 4-stage =====
<BEGIN
POS count : consumed   425 : 431
NEG count : acceptanceRatio    4000 : 0.0147708
Precalculation time: 36
+----+---------+---------+
|  N |    HR   |    FA   |
+----+---------+---------+
|   1|        1|        1|
+----+---------+---------+
|   2|        1|        1|
+----+---------+---------+
|   3|        1|        1|
+----+---------+---------+
|   4| 0.995294|   0.3335|
+----+---------+---------+
END>

===== TRAINING 5-stage =====
<BEGIN
POS count : consumed   425 : 433
NEG count : acceptanceRatio    4000 : 0.00537671
Precalculation time: 29
+----+---------+---------+
|  N |    HR   |    FA   |
+----+---------+---------+
|   1|        1|        1|
+----+---------+---------+
|   2|        1|        1|
+----+---------+---------+
|   3|        1|        1|
+----+---------+---------+
|   4| 0.995294|  0.33525|
+----+---------+---------+
END>

===== TRAINING 6-stage =====
<BEGIN
POS count : consumed   425 : 436
NEG count : acceptanceRatio    4000 : 0.00197452
Precalculation time: 31
+----+---------+---------+
|  N |    HR   |    FA   |
+----+---------+---------+
|   1|        1|        1|
+----+---------+---------+
|   2|        1|        1|
+----+---------+---------+
|   3| 0.995294|    0.407|
+----+---------+---------+
END>

===== TRAINING 7-stage =====
<BEGIN
POS count : consumed   425 : 438
NEG count : acceptanceRatio    4000 : 0.000887653
Precalculation time: 18
+----+---------+---------+
|  N |    HR   |    FA   |
+----+---------+---------+
|   1|        1|        1|
+----+---------+---------+
|   2|        1|        1|
+----+---------+---------+
|   3|        1|        1|
+----+---------+---------+
|   4| 0.995294|  0.50375|
+----+---------+---------+
|   5| 0.995294|    0.274|
+----+---------+---------+
END>

===== TRAINING 8-stage =====
<BEGIN
POS count : consumed   425 : 440
NEG count : acceptanceRatio    4000 : 0.000261601
Precalculation time: 15
+----+---------+---------+
|  N |    HR   |    FA   |
+----+---------+---------+
|   1|        1|        1|
+----+---------+---------+
|   2|        1|        1|
+----+---------+---------+
|   3|        1|        1|
+----+---------+---------+
|   4| 0.995294|  0.37025|
+----+---------+---------+
END>

===== TRAINING 9-stage =====
<BEGIN
POS count : consumed   425 : 443
NEG count : acceptanceRatio    4000 : 0.000106837
Precalculation time: 15
+----+---------+---------+
|  N |    HR   |    FA   |
+----+---------+---------+
|   1|        1|        1|
+----+---------+---------+
|   2|        1|        1|
+----+---------+---------+
|   3| 0.997647|  0.46425|
+----+---------+---------+
END>

===== TRAINING 10-stage =====
<BEGIN
POS count : consumed   425 : 447
NEG count : acceptanceRatio    4000 : 5.08399e-05
Precalculation time: 52
+----+---------+---------+
|  N |    HR   |    FA   |
+----+---------+---------+
|   1|        1|        1|
+----+---------+---------+
|   2|        1|        1|
+----+---------+---------+
|   3|        1|        1|
+----+---------+---------+
|   4| 0.997647|   0.5185|
+----+---------+---------+
|   5| 0.995294|  0.34425|
+----+---------+---------+
END>

===== TRAINING 11-stage =====
<BEGIN
POS count : consumed   425 : 450
NEG count : acceptanceRatio    4000 : 1.96412e-05
Precalculation time: 19
+----+---------+---------+
|  N |    HR   |    FA   |
+----+---------+---------+
|   1|        1|        1|
+----+---------+---------+
|   2|        1|        1|
+----+---------+---------+
|   3| 0.995294|  0.50525|
+----+---------+---------+
|   4| 0.997647|  0.57175|
+----+---------+---------+
|   5|        1|   0.3685|
+----+---------+---------+
END>

===== TRAINING 12-stage =====
<BEGIN
POS count : consumed   425 : 450
NEG count : acceptanceRatio    4000 : 8.13661e-06
Precalculation time: 20
+----+---------+---------+
|  N |    HR   |    FA   |
+----+---------+---------+
|   1|        1|        1|
+----+---------+---------+
|   2|        1|        1|
+----+---------+---------+
|   3| 0.997647|  0.54975|
+----+---------+---------+
|   4| 0.997647|  0.49125|
+----+---------+---------+
END>

===== TRAINING 13-stage =====
<BEGIN
POS count : consumed   425 : 451
NEG count : acceptanceRatio    4000 : 4.26491e-06
Precalculation time: 19
+----+---------+---------+
|  N |    HR   |    FA   |
+----+---------+---------+
|   1|        1|        1|
+----+---------+---------+
|   2|        1|        1|
+----+---------+---------+
|   3|        1|        1|
+----+---------+---------+
|   4|        1|  0.65525|
+----+---------+---------+
|   5| 0.997647|  0.33675|
+----+---------+---------+
END>

===== TRAINING 14-stage =====
<BEGIN
POS count : consumed   425 : 453
NEG count : acceptanceRatio    4000 : 1.62758e-06
Precalculation time: 18
+----+---------+---------+
|  N |    HR   |    FA   |
+----+---------+---------+
|   1|        1|        1|
+----+---------+---------+
|   2|        1|        1|
+----+---------+---------+
|   3|        1|        1|
+----+---------+---------+
|   4|        1|    0.651|
+----+---------+---------+
|   5| 0.995294|  0.33775|
+----+---------+---------+
END>

===== TRAINING 15-stage =====
<BEGIN
POS count : consumed   425 : 458
NEG count : acceptanceRatio    4000 : 5.47491e-07
Required leaf false alarm rate achieved. Branch training terminated.

real	2329m39.935s
user	2996m41.900s
sys	148m16.396s

