PARAMETERS:
cascadeDirName: cascade_p425n4000_lbp
vecFileName: pos.vec
bgFileName: bg.txt
numPos: 425
numNeg: 4000
numStages: 20
precalcValBufSize[Mb] : 1536
precalcIdxBufSize[Mb] : 1536
stageType: BOOST
featureType: LBP
sampleWidth: 96
sampleHeight: 32
boostType: GAB
minHitRate: 0.995
maxFalseAlarmRate: 0.5
weightTrimRate: 0.95
maxDepth: 1
maxWeakCount: 100

===== TRAINING 0-stage =====
<BEGIN
POS count : consumed   425 : 425
NEG count : acceptanceRatio    4000 : 1
Precalculation time: 17
+----+---------+---------+
|  N |    HR   |    FA   |
+----+---------+---------+
|   1|        1|        1|
+----+---------+---------+
|   2|        1|        1|
+----+---------+---------+
|   3| 0.997647|  0.28375|
+----+---------+---------+
END>

===== TRAINING 1-stage =====
<BEGIN
POS count : consumed   425 : 426
NEG count : acceptanceRatio    4000 : 0.296033
Precalculation time: 19
+----+---------+---------+
|  N |    HR   |    FA   |
+----+---------+---------+
|   1|        1|        1|
+----+---------+---------+
|   2|        1|        1|
+----+---------+---------+
|   3|        1|        1|
+----+---------+---------+
|   4| 0.995294|     0.34|
+----+---------+---------+
END>

===== TRAINING 2-stage =====
<BEGIN
POS count : consumed   425 : 428
NEG count : acceptanceRatio    4000 : 0.101394
Precalculation time: 19
+----+---------+---------+
|  N |    HR   |    FA   |
+----+---------+---------+
|   1|        1|        1|
+----+---------+---------+
|   2|        1|        1|
+----+---------+---------+
|   3|        1|        1|
+----+---------+---------+
|   4| 0.997647|   0.4465|
+----+---------+---------+
END>

===== TRAINING 3-stage =====
<BEGIN
POS count : consumed   425 : 429
NEG count : acceptanceRatio    4000 : 0.0478853
Precalculation time: 18
+----+---------+---------+
|  N |    HR   |    FA   |
+----+---------+---------+
|   1|        1|        1|
+----+---------+---------+
|   2|        1|        1|
+----+---------+---------+
|   3|        1|        1|
+----+---------+---------+
|   4|        1|    0.451|
+----+---------+---------+
END>

===== TRAINING 4-stage =====
<BEGIN
POS count : consumed   425 : 429
NEG count : acceptanceRatio    4000 : 0.023935
Precalculation time: 18
+----+---------+---------+
|  N |    HR   |    FA   |
+----+---------+---------+
|   1|        1|        1|
+----+---------+---------+
|   2|        1|        1|
+----+---------+---------+
|   3|        1|        1|
+----+---------+---------+
|   4| 0.995294|   0.4495|
+----+---------+---------+
END>

===== TRAINING 5-stage =====
<BEGIN
POS count : consumed   425 : 431
NEG count : acceptanceRatio    4000 : 0.0120155
Precalculation time: 35
+----+---------+---------+
|  N |    HR   |    FA   |
+----+---------+---------+
|   1|        1|        1|
+----+---------+---------+
|   2|        1|        1|
+----+---------+---------+
|   3| 0.997647|    0.305|
+----+---------+---------+
END>

===== TRAINING 6-stage =====
<BEGIN
POS count : consumed   425 : 432
NEG count : acceptanceRatio    4000 : 0.00371056
Precalculation time: 39
+----+---------+---------+
|  N |    HR   |    FA   |
+----+---------+---------+
|   1|        1|        1|
+----+---------+---------+
|   2|        1|        1|
+----+---------+---------+
|   3|        1|        1|
+----+---------+---------+
|   4|        1|   0.4885|
+----+---------+---------+
END>

===== TRAINING 7-stage =====
<BEGIN
POS count : consumed   425 : 432
NEG count : acceptanceRatio    4000 : 0.00211133
Precalculation time: 17
+----+---------+---------+
|  N |    HR   |    FA   |
+----+---------+---------+
|   1|        1|        1|
+----+---------+---------+
|   2|        1|        1|
+----+---------+---------+
|   3|        1|        1|
+----+---------+---------+
|   4| 0.995294|    0.482|
+----+---------+---------+
END>

===== TRAINING 8-stage =====
<BEGIN
POS count : consumed   425 : 435
NEG count : acceptanceRatio    4000 : 0.00102674
Precalculation time: 18
+----+---------+---------+
|  N |    HR   |    FA   |
+----+---------+---------+
|   1|        1|        1|
+----+---------+---------+
|   2|        1|        1|
+----+---------+---------+
|   3|        1|        1|
+----+---------+---------+
|   4|        1|  0.58175|
+----+---------+---------+
|   5|        1|    0.254|
+----+---------+---------+
END>

===== TRAINING 9-stage =====
<BEGIN
POS count : consumed   425 : 435
NEG count : acceptanceRatio    4000 : 0.000317305
Precalculation time: 39
+----+---------+---------+
|  N |    HR   |    FA   |
+----+---------+---------+
|   1|        1|        1|
+----+---------+---------+
|   2|        1|        1|
+----+---------+---------+
|   3|        1|        1|
+----+---------+---------+
|   4|        1|  0.59725|
+----+---------+---------+
|   5| 0.997647|  0.31025|
+----+---------+---------+
END>

===== TRAINING 10-stage =====
<BEGIN
POS count : consumed   425 : 436
NEG count : acceptanceRatio    4000 : 0.00011168
Precalculation time: 55
+----+---------+---------+
|  N |    HR   |    FA   |
+----+---------+---------+
|   1|        1|        1|
+----+---------+---------+
|   2|        1|        1|
+----+---------+---------+
|   3| 0.995294|  0.54825|
+----+---------+---------+
|   4| 0.995294|    0.625|
+----+---------+---------+
|   5|        1|  0.42325|
+----+---------+---------+
END>

===== TRAINING 11-stage =====
<BEGIN
POS count : consumed   425 : 436
NEG count : acceptanceRatio    4000 : 5.25136e-05
Precalculation time: 18
+----+---------+---------+
|  N |    HR   |    FA   |
+----+---------+---------+
|   1|        1|        1|
+----+---------+---------+
|   2|        1|        1|
+----+---------+---------+
|   3|        1|        1|
+----+---------+---------+
|   4|        1|  0.68475|
+----+---------+---------+
|   5|        1|    0.372|
+----+---------+---------+
END>

===== TRAINING 12-stage =====
<BEGIN
POS count : consumed   425 : 436
NEG count : acceptanceRatio    4000 : 2.36559e-05
Precalculation time: 35
+----+---------+---------+
|  N |    HR   |    FA   |
+----+---------+---------+
|   1|        1|        1|
+----+---------+---------+
|   2|        1|        1|
+----+---------+---------+
|   3|        1|        1|
+----+---------+---------+
|   4|        1|    0.629|
+----+---------+---------+
|   5| 0.995294|  0.33275|
+----+---------+---------+
END>

===== TRAINING 13-stage =====
<BEGIN
POS count : consumed   425 : 438
NEG count : acceptanceRatio    4000 : 8.64033e-06
Precalculation time: 19
+----+---------+---------+
|  N |    HR   |    FA   |
+----+---------+---------+
|   1|        1|        1|
+----+---------+---------+
|   2|        1|        1|
+----+---------+---------+
|   3| 0.997647|    0.617|
+----+---------+---------+
|   4| 0.997647|  0.52075|
+----+---------+---------+
|   5| 0.995294|  0.26375|
+----+---------+---------+
END>

===== TRAINING 14-stage =====
<BEGIN
POS count : consumed   425 : 441
NEG count : acceptanceRatio    4000 : 2.61413e-06
Precalculation time: 18
+----+---------+---------+
|  N |    HR   |    FA   |
+----+---------+---------+
|   1|        1|        1|
+----+---------+---------+
|   2|        1|        1|
+----+---------+---------+
|   3|        1|        1|
+----+---------+---------+
|   4| 0.997647|    0.658|
+----+---------+---------+
|   5| 0.995294|  0.45025|
+----+---------+---------+
END>

===== TRAINING 15-stage =====
<BEGIN
POS count : consumed   425 : 448
NEG count : acceptanceRatio    4000 : 1.22314e-06
Precalculation time: 19
+----+---------+---------+
|  N |    HR   |    FA   |
+----+---------+---------+
|   1|        1|        1|
+----+---------+---------+
|   2|        1|        1|
+----+---------+---------+
|   3|        1|        1|
+----+---------+---------+
|   4| 0.997647|    0.665|
+----+---------+---------+
|   5| 0.995294|  0.38875|
+----+---------+---------+
END>

===== TRAINING 16-stage =====
<BEGIN
POS count : consumed   425 : 450
NEG count : acceptanceRatio    4000 : 4.89841e-07
Required leaf false alarm rate achieved. Branch training terminated.

real	2699m46.931s
user	3494m51.600s
sys	171m7.484s

