PARAMETERS:
cascadeDirName: cascade_p425n7000_lbp
vecFileName: pos.vec
bgFileName: bg.txt
numPos: 425
numNeg: 7000
numStages: 20
precalcValBufSize[Mb] : 1536
precalcIdxBufSize[Mb] : 1536
stageType: BOOST
featureType: LBP
sampleWidth: 96
sampleHeight: 32
boostType: GAB
minHitRate: 0.995
maxFalseAlarmRate: 0.5
weightTrimRate: 0.95
maxDepth: 1
maxWeakCount: 100

===== TRAINING 0-stage =====
<BEGIN
POS count : consumed   425 : 425
NEG count : acceptanceRatio    7000 : 1
Precalculation time: 42
+----+---------+---------+
|  N |    HR   |    FA   |
+----+---------+---------+
|   1|        1|        1|
+----+---------+---------+
|   2|        1|        1|
+----+---------+---------+
|   3| 0.997647| 0.241429|
+----+---------+---------+
END>

===== TRAINING 1-stage =====
<BEGIN
POS count : consumed   425 : 426
NEG count : acceptanceRatio    7000 : 0.235825
Precalculation time: 30
+----+---------+---------+
|  N |    HR   |    FA   |
+----+---------+---------+
|   1|        1|        1|
+----+---------+---------+
|   2|        1|        1|
+----+---------+---------+
|   3|        1|        1|
+----+---------+---------+
|   4|        1| 0.378571|
+----+---------+---------+
END>

===== TRAINING 2-stage =====
<BEGIN
POS count : consumed   425 : 426
NEG count : acceptanceRatio    7000 : 0.0973954
Precalculation time: 35
+----+---------+---------+
|  N |    HR   |    FA   |
+----+---------+---------+
|   1|        1|        1|
+----+---------+---------+
|   2|        1|        1|
+----+---------+---------+
|   3| 0.995294| 0.342143|
+----+---------+---------+
END>

===== TRAINING 3-stage =====
<BEGIN
POS count : consumed   425 : 428
NEG count : acceptanceRatio    7000 : 0.0355691
Precalculation time: 32
+----+---------+---------+
|  N |    HR   |    FA   |
+----+---------+---------+
|   1|        1|        1|
+----+---------+---------+
|   2|        1|        1|
+----+---------+---------+
|   3|        1|        1|
+----+---------+---------+
|   4|        1| 0.473571|
+----+---------+---------+
END>

===== TRAINING 4-stage =====
<BEGIN
POS count : consumed   425 : 428
NEG count : acceptanceRatio    7000 : 0.0171671
Precalculation time: 33
+----+---------+---------+
|  N |    HR   |    FA   |
+----+---------+---------+
|   1|        1|        1|
+----+---------+---------+
|   2|        1|        1|
+----+---------+---------+
|   3|        1|        1|
+----+---------+---------+
|   4| 0.997647| 0.507286|
+----+---------+---------+
|   5| 0.995294|    0.232|
+----+---------+---------+
END>

===== TRAINING 5-stage =====
<BEGIN
POS count : consumed   425 : 431
NEG count : acceptanceRatio    7000 : 0.0039427
Precalculation time: 33
+----+---------+---------+
|  N |    HR   |    FA   |
+----+---------+---------+
|   1|        1|        1|
+----+---------+---------+
|   2|        1|        1|
+----+---------+---------+
|   3|        1|        1|
+----+---------+---------+
|   4|        1| 0.435571|
+----+---------+---------+
END>

===== TRAINING 6-stage =====
<BEGIN
POS count : consumed   425 : 431
NEG count : acceptanceRatio    7000 : 0.00194511
Precalculation time: 17
+----+---------+---------+
|  N |    HR   |    FA   |
+----+---------+---------+
|   1|        1|        1|
+----+---------+---------+
|   2|        1|        1|
+----+---------+---------+
|   3|        1|        1|
+----+---------+---------+
|   4| 0.997647|    0.562|
+----+---------+---------+
|   5| 0.995294| 0.284571|
+----+---------+---------+
END>

===== TRAINING 7-stage =====
<BEGIN
POS count : consumed   425 : 433
NEG count : acceptanceRatio    7000 : 0.00057126
Precalculation time: 32
+----+---------+---------+
|  N |    HR   |    FA   |
+----+---------+---------+
|   1|        1|        1|
+----+---------+---------+
|   2|        1|        1|
+----+---------+---------+
|   3|        1|        1|
+----+---------+---------+
|   4| 0.995294| 0.657143|
+----+---------+---------+
|   5| 0.995294| 0.340143|
+----+---------+---------+
END>

===== TRAINING 8-stage =====
<BEGIN
POS count : consumed   425 : 436
NEG count : acceptanceRatio    7000 : 0.000202959
Precalculation time: 36
+----+---------+---------+
|  N |    HR   |    FA   |
+----+---------+---------+
|   1|        1|        1|
+----+---------+---------+
|   2|        1|        1|
+----+---------+---------+
|   3|        1|        1|
+----+---------+---------+
|   4| 0.997647| 0.523571|
+----+---------+---------+
|   5| 0.995294| 0.424571|
+----+---------+---------+
END>

===== TRAINING 9-stage =====
<BEGIN
POS count : consumed   425 : 438
NEG count : acceptanceRatio    7000 : 8.98856e-05
Precalculation time: 45
+----+---------+---------+
|  N |    HR   |    FA   |
+----+---------+---------+
|   1|        1|        1|
+----+---------+---------+
|   2|        1|        1|
+----+---------+---------+
|   3|        1|        1|
+----+---------+---------+
|   4| 0.995294| 0.524429|
+----+---------+---------+
|   5| 0.995294| 0.297571|
+----+---------+---------+
END>

===== TRAINING 10-stage =====
<BEGIN
POS count : consumed   425 : 440
NEG count : acceptanceRatio    7000 : 2.92479e-05
Precalculation time: 22
+----+---------+---------+
|  N |    HR   |    FA   |
+----+---------+---------+
|   1|        1|        1|
+----+---------+---------+
|   2|        1|        1|
+----+---------+---------+
|   3|        1|        1|
+----+---------+---------+
|   4|        1| 0.610714|
+----+---------+---------+
|   5| 0.995294| 0.332571|
+----+---------+---------+
END>

===== TRAINING 11-stage =====
<BEGIN
POS count : consumed   425 : 443
NEG count : acceptanceRatio    7000 : 1.02479e-05
Precalculation time: 22
+----+---------+---------+
|  N |    HR   |    FA   |
+----+---------+---------+
|   1|        1|        1|
+----+---------+---------+
|   2|        1|        1|
+----+---------+---------+
|   3|        1|        1|
+----+---------+---------+
|   4|        1|    0.583|
+----+---------+---------+
|   5| 0.995294| 0.313571|
+----+---------+---------+
END>

===== TRAINING 12-stage =====
<BEGIN
POS count : consumed   425 : 450
NEG count : acceptanceRatio    7000 : 3.32665e-06
Precalculation time: 20
+----+---------+---------+
|  N |    HR   |    FA   |
+----+---------+---------+
|   1|        1|        1|
+----+---------+---------+
|   2|        1|        1|
+----+---------+---------+
|   3|        1|        1|
+----+---------+---------+
|   4| 0.995294| 0.571286|
+----+---------+---------+
|   5| 0.997647| 0.330286|
+----+---------+---------+
END>

===== TRAINING 13-stage =====
<BEGIN
POS count : consumed   425 : 451
NEG count : acceptanceRatio    7000 : 1.14358e-06
Precalculation time: 20
+----+---------+---------+
|  N |    HR   |    FA   |
+----+---------+---------+
|   1|        1|        1|
+----+---------+---------+
|   2|        1|        1|
+----+---------+---------+
|   3|        1|        1|
+----+---------+---------+
|   4| 0.997647| 0.609857|
+----+---------+---------+
|   5| 0.997647| 0.433429|
+----+---------+---------+
END>

===== TRAINING 14-stage =====
<BEGIN
POS count : consumed   425 : 453
NEG count : acceptanceRatio    7000 : 4.91321e-07
Required leaf false alarm rate achieved. Branch training terminated.


real	4416m4.722s
user	5950m4.072s
sys	300m53.168s

